INFO     -  Building documentation...
INFO     -  Cleaning site directory
[33mWARNING  -  [0mDocumentation file 'gameboard/admin-feedback-form.md' contains a link to 'gameboard/gb-roles.md' which is not found in the documentation files.
[33mWARNING  -  [0mDocumentation file 'gameboard/admin-settings.md' contains a link to 'gameboard/gb-admin-feedback-form.md' which is not found in the documentation files.
[33mWARNING  -  [0mDocumentation file 'gameboard/admin-settings.md' contains a link to 'gameboard/gb-admin.md' which is not found in the documentation files.
[33mWARNING  -  [0mDocumentation file 'gameboard/admin-settings.md' contains a link to 'gameboard/img/gb-map-edit.png' which is not found in the documentation files.
[33mWARNING  -  [0mDocumentation file 'gameboard/admin-settings.md' contains a link to 'gameboard/gb-tm-linking-topo-vm-to-gameboard.md' which is not found in the documentation files.
[33mWARNING  -  [0mDocumentation file 'gameboard/admin-settings.md' contains a link to 'gameboard/gb-admin.md' which is not found in the documentation files.
INFO     -  Documentation built in 0.48 seconds
INFO     -  [13:12:18] Watching paths for changes: 'docs', 'mkdocs.yml'
INFO     -  [13:12:18] Serving on http://127.0.0.1:8000/
INFO     -  [13:13:10] Browser connected: https://sei-rreeder-urban-winner-x4qjr6gxvv2pgr5-8000.preview.app.github.dev/
INFO     -  [13:13:45] Detected file changes
INFO     -  Building documentation...
[33mWARNING  -  [0mDocumentation file 'gameboard/admin-feedback-form.md' contains a link to 'gameboard/gb-roles.md' which is not found in the documentation files.
[33mWARNING  -  [0mDocumentation file 'gameboard/admin-settings.md' contains a link to 'gameboard/gb-admin-feedback-form.md' which is not found in the documentation files.
[33mWARNING  -  [0mDocumentation file 'gameboard/admin-settings.md' contains a link to 'gameboard/gb-admin.md' which is not found in the documentation files.
[33mWARNING  -  [0mDocumentation file 'gameboard/admin-settings.md' contains a link to 'gameboard/img/gb-map-edit.png' which is not found in the documentation files.
[33mWARNING  -  [0mDocumentation file 'gameboard/admin-settings.md' contains a link to 'gameboard/gb-tm-linking-topo-vm-to-gameboard.md' which is not found in the documentation files.
[33mWARNING  -  [0mDocumentation file 'gameboard/admin-settings.md' contains a link to 'gameboard/gb-admin.md' which is not found in the documentation files.
INFO     -  [13:13:46] Reloading browsers
INFO     -  [13:13:46] Browser connected: https://sei-rreeder-urban-winner-x4qjr6gxvv2pgr5-8000.preview.app.github.dev/
INFO     -  [13:13:51] Detected file changes
INFO     -  Building documentation...
[33mWARNING  -  [0mDocumentation file 'gameboard/admin-feedback-form.md' contains a link to 'gameboard/gb-roles.md' which is not found in the documentation files.
[33mWARNING  -  [0mDocumentation file 'gameboard/admin-settings.md' contains a link to 'gameboard/gb-admin-feedback-form.md' which is not found in the documentation files.
[33mWARNING  -  [0mDocumentation file 'gameboard/admin-settings.md' contains a link to 'gameboard/gb-admin.md' which is not found in the documentation files.
[33mWARNING  -  [0mDocumentation file 'gameboard/admin-settings.md' contains a link to 'gameboard/img/gb-map-edit.png' which is not found in the documentation files.
[33mWARNING  -  [0mDocumentation file 'gameboard/admin-settings.md' contains a link to 'gameboard/gb-tm-linking-topo-vm-to-gameboard.md' which is not found in the documentation files.
[33mWARNING  -  [0mDocumentation file 'gameboard/admin-settings.md' contains a link to 'gameboard/gb-admin.md' which is not found in the documentation files.
INFO     -  [13:13:51] Reloading browsers
INFO     -  [13:13:52] Browser connected: https://sei-rreeder-urban-winner-x4qjr6gxvv2pgr5-8000.preview.app.github.dev/
INFO     -  [13:13:55] Detected file changes
INFO     -  Building documentation...
[33mWARNING  -  [0mDocumentation file 'gameboard/admin-feedback-form.md' contains a link to 'gameboard/gb-roles.md' which is not found in the documentation files.
[33mWARNING  -  [0mDocumentation file 'gameboard/admin-settings.md' contains a link to 'gameboard/gb-admin-feedback-form.md' which is not found in the documentation files.
[33mWARNING  -  [0mDocumentation file 'gameboard/admin-settings.md' contains a link to 'gameboard/gb-admin.md' which is not found in the documentation files.
[33mWARNING  -  [0mDocumentation file 'gameboard/admin-settings.md' contains a link to 'gameboard/img/gb-map-edit.png' which is not found in the documentation files.
[33mWARNING  -  [0mDocumentation file 'gameboard/admin-settings.md' contains a link to 'gameboard/gb-tm-linking-topo-vm-to-gameboard.md' which is not found in the documentation files.
[33mWARNING  -  [0mDocumentation file 'gameboard/admin-settings.md' contains a link to 'gameboard/gb-admin.md' which is not found in the documentation files.
INFO     -  [13:13:56] Reloading browsers
INFO     -  [13:13:56] Browser connected: https://sei-rreeder-urban-winner-x4qjr6gxvv2pgr5-8000.preview.app.github.dev/
INFO     -  [13:14:06] Detected file changes
INFO     -  Building documentation...
[33mWARNING  -  [0mDocumentation file 'gameboard/admin-feedback-form.md' contains a link to 'gameboard/gb-roles.md' which is not found in the documentation files.
[33mWARNING  -  [0mDocumentation file 'gameboard/admin-settings.md' contains a link to 'gameboard/gb-admin-feedback-form.md' which is not found in the documentation files.
[33mWARNING  -  [0mDocumentation file 'gameboard/admin-settings.md' contains a link to 'gameboard/gb-admin.md' which is not found in the documentation files.
[33mWARNING  -  [0mDocumentation file 'gameboard/admin-settings.md' contains a link to 'gameboard/img/gb-map-edit.png' which is not found in the documentation files.
[33mWARNING  -  [0mDocumentation file 'gameboard/admin-settings.md' contains a link to 'gameboard/gb-tm-linking-topo-vm-to-gameboard.md' which is not found in the documentation files.
[33mWARNING  -  [0mDocumentation file 'gameboard/admin-settings.md' contains a link to 'gameboard/gb-admin.md' which is not found in the documentation files.
INFO     -  [13:14:06] Reloading browsers
INFO     -  [13:14:07] Browser connected: https://sei-rreeder-urban-winner-x4qjr6gxvv2pgr5-8000.preview.app.github.dev/
INFO     -  [13:15:02] Detected file changes
INFO     -  Building documentation...
[33mWARNING  -  [0mDocumentation file 'gameboard/admin-feedback-form.md' contains a link to 'gameboard/gb-roles.md' which is not found in the documentation files.
[33mWARNING  -  [0mDocumentation file 'gameboard/admin-settings.md' contains a link to 'gameboard/gb-admin-feedback-form.md' which is not found in the documentation files.
[33mWARNING  -  [0mDocumentation file 'gameboard/admin-settings.md' contains a link to 'gameboard/gb-admin.md' which is not found in the documentation files.
[33mWARNING  -  [0mDocumentation file 'gameboard/admin-settings.md' contains a link to 'gameboard/img/gb-map-edit.png' which is not found in the documentation files.
[33mWARNING  -  [0mDocumentation file 'gameboard/admin-settings.md' contains a link to 'gameboard/gb-tm-linking-topo-vm-to-gameboard.md' which is not found in the documentation files.
[33mWARNING  -  [0mDocumentation file 'gameboard/admin-settings.md' contains a link to 'gameboard/gb-admin.md' which is not found in the documentation files.
INFO     -  [13:15:03] Reloading browsers
INFO     -  [13:15:03] Browser connected: https://sei-rreeder-urban-winner-x4qjr6gxvv2pgr5-8000.preview.app.github.dev/
INFO     -  [13:15:05] Detected file changes
INFO     -  Building documentation...
[33mWARNING  -  [0mDocumentation file 'gameboard/admin-feedback-form.md' contains a link to 'gameboard/gb-roles.md' which is not found in the documentation files.
[33mWARNING  -  [0mDocumentation file 'gameboard/admin-settings.md' contains a link to 'gameboard/gb-admin-feedback-form.md' which is not found in the documentation files.
[33mWARNING  -  [0mDocumentation file 'gameboard/admin-settings.md' contains a link to 'gameboard/gb-admin.md' which is not found in the documentation files.
[33mWARNING  -  [0mDocumentation file 'gameboard/admin-settings.md' contains a link to 'gameboard/img/gb-map-edit.png' which is not found in the documentation files.
[33mWARNING  -  [0mDocumentation file 'gameboard/admin-settings.md' contains a link to 'gameboard/gb-tm-linking-topo-vm-to-gameboard.md' which is not found in the documentation files.
[33mWARNING  -  [0mDocumentation file 'gameboard/admin-settings.md' contains a link to 'gameboard/gb-admin.md' which is not found in the documentation files.
INFO     -  [13:15:06] Reloading browsers
INFO     -  [13:15:06] Browser connected: https://sei-rreeder-urban-winner-x4qjr6gxvv2pgr5-8000.preview.app.github.dev/
INFO     -  [13:15:12] Detected file changes
INFO     -  Building documentation...
[33mWARNING  -  [0mDocumentation file 'gameboard/admin-feedback-form.md' contains a link to 'gameboard/gb-roles.md' which is not found in the documentation files.
[33mWARNING  -  [0mDocumentation file 'gameboard/admin-settings.md' contains a link to 'gameboard/gb-admin-feedback-form.md' which is not found in the documentation files.
[33mWARNING  -  [0mDocumentation file 'gameboard/admin-settings.md' contains a link to 'gameboard/gb-admin.md' which is not found in the documentation files.
[33mWARNING  -  [0mDocumentation file 'gameboard/admin-settings.md' contains a link to 'gameboard/img/gb-map-edit.png' which is not found in the documentation files.
[33mWARNING  -  [0mDocumentation file 'gameboard/admin-settings.md' contains a link to 'gameboard/gb-tm-linking-topo-vm-to-gameboard.md' which is not found in the documentation files.
[33mWARNING  -  [0mDocumentation file 'gameboard/admin-settings.md' contains a link to 'gameboard/gb-admin.md' which is not found in the documentation files.
INFO     -  [13:15:13] Reloading browsers
INFO     -  [13:15:13] Browser connected: https://sei-rreeder-urban-winner-x4qjr6gxvv2pgr5-8000.preview.app.github.dev/
INFO     -  [13:15:15] Detected file changes
INFO     -  Building documentation...
[33mWARNING  -  [0mDocumentation file 'gameboard/admin-feedback-form.md' contains a link to 'gameboard/gb-roles.md' which is not found in the documentation files.
[33mWARNING  -  [0mDocumentation file 'gameboard/admin-settings.md' contains a link to 'gameboard/gb-admin-feedback-form.md' which is not found in the documentation files.
[33mWARNING  -  [0mDocumentation file 'gameboard/admin-settings.md' contains a link to 'gameboard/gb-admin.md' which is not found in the documentation files.
[33mWARNING  -  [0mDocumentation file 'gameboard/admin-settings.md' contains a link to 'gameboard/img/gb-map-edit.png' which is not found in the documentation files.
[33mWARNING  -  [0mDocumentation file 'gameboard/admin-settings.md' contains a link to 'gameboard/gb-tm-linking-topo-vm-to-gameboard.md' which is not found in the documentation files.
[33mWARNING  -  [0mDocumentation file 'gameboard/admin-settings.md' contains a link to 'gameboard/gb-admin.md' which is not found in the documentation files.
INFO     -  [13:15:16] Reloading browsers
INFO     -  [13:15:17] Browser connected: https://sei-rreeder-urban-winner-x4qjr6gxvv2pgr5-8000.preview.app.github.dev/
INFO     -  [13:15:18] Detected file changes
INFO     -  Building documentation...
[33mWARNING  -  [0mDocumentation file 'gameboard/admin-feedback-form.md' contains a link to 'gameboard/gb-roles.md' which is not found in the documentation files.
[33mWARNING  -  [0mDocumentation file 'gameboard/admin-settings.md' contains a link to 'gameboard/gb-admin-feedback-form.md' which is not found in the documentation files.
[33mWARNING  -  [0mDocumentation file 'gameboard/admin-settings.md' contains a link to 'gameboard/gb-admin.md' which is not found in the documentation files.
[33mWARNING  -  [0mDocumentation file 'gameboard/admin-settings.md' contains a link to 'gameboard/img/gb-map-edit.png' which is not found in the documentation files.
[33mWARNING  -  [0mDocumentation file 'gameboard/admin-settings.md' contains a link to 'gameboard/gb-tm-linking-topo-vm-to-gameboard.md' which is not found in the documentation files.
[33mWARNING  -  [0mDocumentation file 'gameboard/admin-settings.md' contains a link to 'gameboard/gb-admin.md' which is not found in the documentation files.
INFO     -  [13:15:18] Reloading browsers
INFO     -  [13:15:19] Browser connected: https://sei-rreeder-urban-winner-x4qjr6gxvv2pgr5-8000.preview.app.github.dev/
INFO     -  [13:15:23] Detected file changes
INFO     -  Building documentation...
[33mWARNING  -  [0mDocumentation file 'gameboard/admin-feedback-form.md' contains a link to 'gameboard/gb-roles.md' which is not found in the documentation files.
[33mWARNING  -  [0mDocumentation file 'gameboard/admin-settings.md' contains a link to 'gameboard/gb-admin-feedback-form.md' which is not found in the documentation files.
[33mWARNING  -  [0mDocumentation file 'gameboard/admin-settings.md' contains a link to 'gameboard/gb-admin.md' which is not found in the documentation files.
[33mWARNING  -  [0mDocumentation file 'gameboard/admin-settings.md' contains a link to 'gameboard/img/gb-map-edit.png' which is not found in the documentation files.
[33mWARNING  -  [0mDocumentation file 'gameboard/admin-settings.md' contains a link to 'gameboard/gb-tm-linking-topo-vm-to-gameboard.md' which is not found in the documentation files.
[33mWARNING  -  [0mDocumentation file 'gameboard/admin-settings.md' contains a link to 'gameboard/gb-admin.md' which is not found in the documentation files.
INFO     -  [13:15:24] Reloading browsers
INFO     -  [13:15:24] Browser connected: https://sei-rreeder-urban-winner-x4qjr6gxvv2pgr5-8000.preview.app.github.dev/
INFO     -  [13:15:37] Detected file changes
INFO     -  Building documentation...
[33mWARNING  -  [0mDocumentation file 'gameboard/admin-feedback-form.md' contains a link to 'gameboard/gb-roles.md' which is not found in the documentation files.
[33mWARNING  -  [0mDocumentation file 'gameboard/admin-settings.md' contains a link to 'gameboard/gb-admin-feedback-form.md' which is not found in the documentation files.
[33mWARNING  -  [0mDocumentation file 'gameboard/admin-settings.md' contains a link to 'gameboard/gb-admin.md' which is not found in the documentation files.
[33mWARNING  -  [0mDocumentation file 'gameboard/admin-settings.md' contains a link to 'gameboard/img/gb-map-edit.png' which is not found in the documentation files.
[33mWARNING  -  [0mDocumentation file 'gameboard/admin-settings.md' contains a link to 'gameboard/gb-tm-linking-topo-vm-to-gameboard.md' which is not found in the documentation files.
[33mWARNING  -  [0mDocumentation file 'gameboard/admin-settings.md' contains a link to 'gameboard/gb-admin.md' which is not found in the documentation files.
INFO     -  [13:15:38] Reloading browsers
INFO     -  [13:15:38] Browser connected: https://sei-rreeder-urban-winner-x4qjr6gxvv2pgr5-8000.preview.app.github.dev/
INFO     -  [13:15:39] Detected file changes
INFO     -  Building documentation...
[33mWARNING  -  [0mDocumentation file 'gameboard/admin-feedback-form.md' contains a link to 'gameboard/gb-roles.md' which is not found in the documentation files.
[33mWARNING  -  [0mDocumentation file 'gameboard/admin-settings.md' contains a link to 'gameboard/gb-admin-feedback-form.md' which is not found in the documentation files.
[33mWARNING  -  [0mDocumentation file 'gameboard/admin-settings.md' contains a link to 'gameboard/gb-admin.md' which is not found in the documentation files.
[33mWARNING  -  [0mDocumentation file 'gameboard/admin-settings.md' contains a link to 'gameboard/img/gb-map-edit.png' which is not found in the documentation files.
[33mWARNING  -  [0mDocumentation file 'gameboard/admin-settings.md' contains a link to 'gameboard/gb-tm-linking-topo-vm-to-gameboard.md' which is not found in the documentation files.
[33mWARNING  -  [0mDocumentation file 'gameboard/admin-settings.md' contains a link to 'gameboard/gb-admin.md' which is not found in the documentation files.
INFO     -  [13:15:39] Reloading browsers
INFO     -  [13:15:40] Browser connected: https://sei-rreeder-urban-winner-x4qjr6gxvv2pgr5-8000.preview.app.github.dev/
INFO     -  [13:15:41] Detected file changes
INFO     -  Building documentation...
[33mWARNING  -  [0mDocumentation file 'gameboard/admin-feedback-form.md' contains a link to 'gameboard/gb-roles.md' which is not found in the documentation files.
[33mWARNING  -  [0mDocumentation file 'gameboard/admin-settings.md' contains a link to 'gameboard/gb-admin-feedback-form.md' which is not found in the documentation files.
[33mWARNING  -  [0mDocumentation file 'gameboard/admin-settings.md' contains a link to 'gameboard/gb-admin.md' which is not found in the documentation files.
[33mWARNING  -  [0mDocumentation file 'gameboard/admin-settings.md' contains a link to 'gameboard/img/gb-map-edit.png' which is not found in the documentation files.
[33mWARNING  -  [0mDocumentation file 'gameboard/admin-settings.md' contains a link to 'gameboard/gb-tm-linking-topo-vm-to-gameboard.md' which is not found in the documentation files.
[33mWARNING  -  [0mDocumentation file 'gameboard/admin-settings.md' contains a link to 'gameboard/gb-admin.md' which is not found in the documentation files.
INFO     -  [13:15:41] Reloading browsers
INFO     -  [13:15:42] Browser connected: https://sei-rreeder-urban-winner-x4qjr6gxvv2pgr5-8000.preview.app.github.dev/
INFO     -  [13:16:48] Detected file changes
INFO     -  Building documentation...
[33mWARNING  -  [0mDocumentation file 'gameboard/admin-feedback-form.md' contains a link to 'gameboard/gb-roles.md' which is not found in the documentation files.
[33mWARNING  -  [0mDocumentation file 'gameboard/admin-settings.md' contains a link to 'gameboard/gb-admin-feedback-form.md' which is not found in the documentation files.
[33mWARNING  -  [0mDocumentation file 'gameboard/admin-settings.md' contains a link to 'gameboard/gb-admin.md' which is not found in the documentation files.
[33mWARNING  -  [0mDocumentation file 'gameboard/admin-settings.md' contains a link to 'gameboard/img/gb-map-edit.png' which is not found in the documentation files.
[33mWARNING  -  [0mDocumentation file 'gameboard/admin-settings.md' contains a link to 'gameboard/gb-tm-linking-topo-vm-to-gameboard.md' which is not found in the documentation files.
[33mWARNING  -  [0mDocumentation file 'gameboard/admin-settings.md' contains a link to 'gameboard/gb-admin.md' which is not found in the documentation files.
INFO     -  [13:16:48] Reloading browsers
INFO     -  [13:16:49] Browser connected: https://sei-rreeder-urban-winner-x4qjr6gxvv2pgr5-8000.preview.app.github.dev/
INFO     -  [13:24:04] Detected file changes
INFO     -  Building documentation...
[33mWARNING  -  [0mDocumentation file 'gameboard/admin-feedback-form.md' contains a link to 'gameboard/gb-roles.md' which is not found in the documentation files.
[33mWARNING  -  [0mDocumentation file 'gameboard/admin-settings.md' contains a link to 'gameboard/gb-admin-feedback-form.md' which is not found in the documentation files.
[33mWARNING  -  [0mDocumentation file 'gameboard/admin-settings.md' contains a link to 'gameboard/gb-admin.md' which is not found in the documentation files.
[33mWARNING  -  [0mDocumentation file 'gameboard/admin-settings.md' contains a link to 'gameboard/img/gb-map-edit.png' which is not found in the documentation files.
[33mWARNING  -  [0mDocumentation file 'gameboard/admin-settings.md' contains a link to 'gameboard/gb-tm-linking-topo-vm-to-gameboard.md' which is not found in the documentation files.
[33mWARNING  -  [0mDocumentation file 'gameboard/admin-settings.md' contains a link to 'gameboard/gb-admin.md' which is not found in the documentation files.
INFO     -  [13:24:04] Reloading browsers
INFO     -  [13:24:05] Browser connected: https://sei-rreeder-urban-winner-x4qjr6gxvv2pgr5-8000.preview.app.github.dev/
INFO     -  [13:33:45] Browser connected: https://sei-rreeder-urban-winner-x4qjr6gxvv2pgr5-8000.preview.app.github.dev/gameboard/
INFO     -  [13:33:49] Browser connected: https://sei-rreeder-urban-winner-x4qjr6gxvv2pgr5-8000.preview.app.github.dev/gameboard/admin-clone-yaml-json/
INFO     -  [13:33:52] Browser connected: https://sei-rreeder-urban-winner-x4qjr6gxvv2pgr5-8000.preview.app.github.dev/gameboard/admin-feedback-form/
INFO     -  Building documentation...
INFO     -  Cleaning site directory
[33mWARNING  -  [0mDocumentation file 'gameboard/admin-feedback-form.md' contains a link to 'gameboard/gb-roles.md' which is not found in the documentation files.
[33mWARNING  -  [0mDocumentation file 'gameboard/admin-settings.md' contains a link to 'gameboard/gb-admin-feedback-form.md' which is not found in the documentation files.
[33mWARNING  -  [0mDocumentation file 'gameboard/admin-settings.md' contains a link to 'gameboard/gb-admin.md' which is not found in the documentation files.
[33mWARNING  -  [0mDocumentation file 'gameboard/admin-settings.md' contains a link to 'gameboard/img/gb-map-edit.png' which is not found in the documentation files.
[33mWARNING  -  [0mDocumentation file 'gameboard/admin-settings.md' contains a link to 'gameboard/gb-tm-linking-topo-vm-to-gameboard.md' which is not found in the documentation files.
[33mWARNING  -  [0mDocumentation file 'gameboard/admin-settings.md' contains a link to 'gameboard/gb-admin.md' which is not found in the documentation files.
INFO     -  Documentation built in 1.80 seconds
INFO     -  [14:20:17] Watching paths for changes: 'docs', 'mkdocs.yml'
INFO     -  [14:20:17] Serving on http://127.0.0.1:8000/
INFO     -  [14:21:50] Detected file changes
INFO     -  Building documentation...
[33mWARNING  -  [0mDocumentation file 'gameboard/admin-feedback-form.md' contains a link to 'gameboard/gb-roles.md' which is not found in the documentation files.
[33mWARNING  -  [0mDocumentation file 'gameboard/admin-settings.md' contains a link to 'gameboard/gb-admin-feedback-form.md' which is not found in the documentation files.
[33mWARNING  -  [0mDocumentation file 'gameboard/admin-settings.md' contains a link to 'gameboard/gb-admin.md' which is not found in the documentation files.
[33mWARNING  -  [0mDocumentation file 'gameboard/admin-settings.md' contains a link to 'gameboard/img/gb-map-edit.png' which is not found in the documentation files.
[33mWARNING  -  [0mDocumentation file 'gameboard/admin-settings.md' contains a link to 'gameboard/gb-tm-linking-topo-vm-to-gameboard.md' which is not found in the documentation files.
[33mWARNING  -  [0mDocumentation file 'gameboard/admin-settings.md' contains a link to 'gameboard/gb-admin.md' which is not found in the documentation files.
INFO     -  [14:21:51] Reloading browsers
INFO     -  [14:21:56] Detected file changes
INFO     -  Building documentation...
[33mWARNING  -  [0mDocumentation file 'gameboard/admin-feedback-form.md' contains a link to 'gameboard/gb-roles.md' which is not found in the documentation files.
[33mWARNING  -  [0mDocumentation file 'gameboard/admin-settings.md' contains a link to 'gameboard/gb-admin-feedback-form.md' which is not found in the documentation files.
[33mWARNING  -  [0mDocumentation file 'gameboard/admin-settings.md' contains a link to 'gameboard/gb-admin.md' which is not found in the documentation files.
[33mWARNING  -  [0mDocumentation file 'gameboard/admin-settings.md' contains a link to 'gameboard/img/gb-map-edit.png' which is not found in the documentation files.
[33mWARNING  -  [0mDocumentation file 'gameboard/admin-settings.md' contains a link to 'gameboard/gb-tm-linking-topo-vm-to-gameboard.md' which is not found in the documentation files.
[33mWARNING  -  [0mDocumentation file 'gameboard/admin-settings.md' contains a link to 'gameboard/gb-admin.md' which is not found in the documentation files.
INFO     -  [14:21:57] Reloading browsers
INFO     -  [14:21:59] Detected file changes
INFO     -  Building documentation...
[33mWARNING  -  [0mDocumentation file 'gameboard/admin-feedback-form.md' contains a link to 'gameboard/gb-roles.md' which is not found in the documentation files.
[33mWARNING  -  [0mDocumentation file 'gameboard/admin-settings.md' contains a link to 'gameboard/gb-admin-feedback-form.md' which is not found in the documentation files.
[33mWARNING  -  [0mDocumentation file 'gameboard/admin-settings.md' contains a link to 'gameboard/gb-admin.md' which is not found in the documentation files.
[33mWARNING  -  [0mDocumentation file 'gameboard/admin-settings.md' contains a link to 'gameboard/img/gb-map-edit.png' which is not found in the documentation files.
[33mWARNING  -  [0mDocumentation file 'gameboard/admin-settings.md' contains a link to 'gameboard/gb-tm-linking-topo-vm-to-gameboard.md' which is not found in the documentation files.
[33mWARNING  -  [0mDocumentation file 'gameboard/admin-settings.md' contains a link to 'gameboard/gb-admin.md' which is not found in the documentation files.
INFO     -  [14:21:59] Reloading browsers
INFO     -  [14:22:00] Detected file changes
INFO     -  Building documentation...
[33mWARNING  -  [0mDocumentation file 'gameboard/admin-feedback-form.md' contains a link to 'gameboard/gb-roles.md' which is not found in the documentation files.
[33mWARNING  -  [0mDocumentation file 'gameboard/admin-settings.md' contains a link to 'gameboard/gb-admin-feedback-form.md' which is not found in the documentation files.
[33mWARNING  -  [0mDocumentation file 'gameboard/admin-settings.md' contains a link to 'gameboard/gb-admin.md' which is not found in the documentation files.
[33mWARNING  -  [0mDocumentation file 'gameboard/admin-settings.md' contains a link to 'gameboard/img/gb-map-edit.png' which is not found in the documentation files.
[33mWARNING  -  [0mDocumentation file 'gameboard/admin-settings.md' contains a link to 'gameboard/gb-tm-linking-topo-vm-to-gameboard.md' which is not found in the documentation files.
[33mWARNING  -  [0mDocumentation file 'gameboard/admin-settings.md' contains a link to 'gameboard/gb-admin.md' which is not found in the documentation files.
INFO     -  [14:22:01] Reloading browsers
INFO     -  [14:23:01] Browser connected: https://sei-rreeder-urban-winner-x4qjr6gxvv2pgr5-8000.preview.app.github.dev/
INFO     -  [14:24:16] Detected file changes
INFO     -  Building documentation...
[33mWARNING  -  [0mDocumentation file 'gameboard/admin-feedback-form.md' contains a link to 'gameboard/gb-roles.md' which is not found in the documentation files.
[33mWARNING  -  [0mDocumentation file 'gameboard/admin-settings.md' contains a link to 'gameboard/gb-admin-feedback-form.md' which is not found in the documentation files.
[33mWARNING  -  [0mDocumentation file 'gameboard/admin-settings.md' contains a link to 'gameboard/gb-admin.md' which is not found in the documentation files.
[33mWARNING  -  [0mDocumentation file 'gameboard/admin-settings.md' contains a link to 'gameboard/img/gb-map-edit.png' which is not found in the documentation files.
[33mWARNING  -  [0mDocumentation file 'gameboard/admin-settings.md' contains a link to 'gameboard/gb-tm-linking-topo-vm-to-gameboard.md' which is not found in the documentation files.
[33mWARNING  -  [0mDocumentation file 'gameboard/admin-settings.md' contains a link to 'gameboard/gb-admin.md' which is not found in the documentation files.
INFO     -  [14:24:16] Reloading browsers
INFO     -  [14:24:26] Detected file changes
INFO     -  Building documentation...
[33mWARNING  -  [0mDocumentation file 'gameboard/admin-feedback-form.md' contains a link to 'gameboard/gb-roles.md' which is not found in the documentation files.
[33mWARNING  -  [0mDocumentation file 'gameboard/admin-settings.md' contains a link to 'gameboard/gb-admin-feedback-form.md' which is not found in the documentation files.
[33mWARNING  -  [0mDocumentation file 'gameboard/admin-settings.md' contains a link to 'gameboard/gb-admin.md' which is not found in the documentation files.
[33mWARNING  -  [0mDocumentation file 'gameboard/admin-settings.md' contains a link to 'gameboard/img/gb-map-edit.png' which is not found in the documentation files.
[33mWARNING  -  [0mDocumentation file 'gameboard/admin-settings.md' contains a link to 'gameboard/gb-tm-linking-topo-vm-to-gameboard.md' which is not found in the documentation files.
[33mWARNING  -  [0mDocumentation file 'gameboard/admin-settings.md' contains a link to 'gameboard/gb-admin.md' which is not found in the documentation files.
INFO     -  [14:24:26] Reloading browsers
INFO     -  [14:24:41] Detected file changes
INFO     -  Building documentation...
[33mWARNING  -  [0mDocumentation file 'gameboard/admin-feedback-form.md' contains a link to 'gameboard/gb-roles.md' which is not found in the documentation files.
[33mWARNING  -  [0mDocumentation file 'gameboard/admin-settings.md' contains a link to 'gameboard/gb-admin-feedback-form.md' which is not found in the documentation files.
[33mWARNING  -  [0mDocumentation file 'gameboard/admin-settings.md' contains a link to 'gameboard/gb-admin.md' which is not found in the documentation files.
[33mWARNING  -  [0mDocumentation file 'gameboard/admin-settings.md' contains a link to 'gameboard/img/gb-map-edit.png' which is not found in the documentation files.
[33mWARNING  -  [0mDocumentation file 'gameboard/admin-settings.md' contains a link to 'gameboard/gb-tm-linking-topo-vm-to-gameboard.md' which is not found in the documentation files.
[33mWARNING  -  [0mDocumentation file 'gameboard/admin-settings.md' contains a link to 'gameboard/gb-admin.md' which is not found in the documentation files.
INFO     -  [14:24:41] Reloading browsers
INFO     -  [14:24:46] Detected file changes
INFO     -  Building documentation...
[33mWARNING  -  [0mDocumentation file 'gameboard/admin-feedback-form.md' contains a link to 'gameboard/gb-roles.md' which is not found in the documentation files.
[33mWARNING  -  [0mDocumentation file 'gameboard/admin-settings.md' contains a link to 'gameboard/gb-admin-feedback-form.md' which is not found in the documentation files.
[33mWARNING  -  [0mDocumentation file 'gameboard/admin-settings.md' contains a link to 'gameboard/gb-admin.md' which is not found in the documentation files.
[33mWARNING  -  [0mDocumentation file 'gameboard/admin-settings.md' contains a link to 'gameboard/img/gb-map-edit.png' which is not found in the documentation files.
[33mWARNING  -  [0mDocumentation file 'gameboard/admin-settings.md' contains a link to 'gameboard/gb-tm-linking-topo-vm-to-gameboard.md' which is not found in the documentation files.
[33mWARNING  -  [0mDocumentation file 'gameboard/admin-settings.md' contains a link to 'gameboard/gb-admin.md' which is not found in the documentation files.
INFO     -  [14:24:46] Reloading browsers
INFO     -  [14:24:58] Detected file changes
INFO     -  Building documentation...
[33mWARNING  -  [0mDocumentation file 'gameboard/admin-feedback-form.md' contains a link to 'gameboard/gb-roles.md' which is not found in the documentation files.
[33mWARNING  -  [0mDocumentation file 'gameboard/admin-settings.md' contains a link to 'gameboard/gb-admin-feedback-form.md' which is not found in the documentation files.
[33mWARNING  -  [0mDocumentation file 'gameboard/admin-settings.md' contains a link to 'gameboard/gb-admin.md' which is not found in the documentation files.
[33mWARNING  -  [0mDocumentation file 'gameboard/admin-settings.md' contains a link to 'gameboard/img/gb-map-edit.png' which is not found in the documentation files.
[33mWARNING  -  [0mDocumentation file 'gameboard/admin-settings.md' contains a link to 'gameboard/gb-tm-linking-topo-vm-to-gameboard.md' which is not found in the documentation files.
[33mWARNING  -  [0mDocumentation file 'gameboard/admin-settings.md' contains a link to 'gameboard/gb-admin.md' which is not found in the documentation files.
INFO     -  [14:24:58] Reloading browsers
INFO     -  [14:25:39] Browser connected: https://sei-rreeder-urban-winner-x4qjr6gxvv2pgr5-8000.preview.app.github.dev/
INFO     -  Building documentation...
INFO     -  Cleaning site directory
[33mWARNING  -  [0mDocumentation file 'gameboard/admin-feedback-form.md' contains a link to 'gameboard/gb-roles.md' which is not found in the documentation files.
[33mWARNING  -  [0mDocumentation file 'gameboard/admin-settings.md' contains a link to 'gameboard/gb-admin-feedback-form.md' which is not found in the documentation files.
[33mWARNING  -  [0mDocumentation file 'gameboard/admin-settings.md' contains a link to 'gameboard/gb-admin.md' which is not found in the documentation files.
[33mWARNING  -  [0mDocumentation file 'gameboard/admin-settings.md' contains a link to 'gameboard/img/gb-map-edit.png' which is not found in the documentation files.
[33mWARNING  -  [0mDocumentation file 'gameboard/admin-settings.md' contains a link to 'gameboard/gb-tm-linking-topo-vm-to-gameboard.md' which is not found in the documentation files.
[33mWARNING  -  [0mDocumentation file 'gameboard/admin-settings.md' contains a link to 'gameboard/gb-admin.md' which is not found in the documentation files.
INFO     -  Documentation built in 1.88 seconds
INFO     -  [16:52:58] Watching paths for changes: 'docs', 'mkdocs.yml'
INFO     -  [16:52:58] Serving on http://127.0.0.1:8000/
INFO     -  [16:54:08] Browser connected: https://sei-rreeder-urban-winner-x4qjr6gxvv2pgr5-8000.preview.app.github.dev/
INFO     -  [16:58:16] Detected file changes
INFO     -  Building documentation...
[33mWARNING  -  [0mDocumentation file 'gameboard/admin-feedback-form.md' contains a link to 'gameboard/gb-roles.md' which is not found in the documentation files.
[33mWARNING  -  [0mDocumentation file 'gameboard/admin-settings.md' contains a link to 'gameboard/gb-admin-feedback-form.md' which is not found in the documentation files.
[33mWARNING  -  [0mDocumentation file 'gameboard/admin-settings.md' contains a link to 'gameboard/gb-admin.md' which is not found in the documentation files.
[33mWARNING  -  [0mDocumentation file 'gameboard/admin-settings.md' contains a link to 'gameboard/img/gb-map-edit.png' which is not found in the documentation files.
[33mWARNING  -  [0mDocumentation file 'gameboard/admin-settings.md' contains a link to 'gameboard/gb-tm-linking-topo-vm-to-gameboard.md' which is not found in the documentation files.
[33mWARNING  -  [0mDocumentation file 'gameboard/admin-settings.md' contains a link to 'gameboard/gb-admin.md' which is not found in the documentation files.
INFO     -  [16:58:17] Reloading browsers
INFO     -  [16:58:17] Browser connected: https://sei-rreeder-urban-winner-x4qjr6gxvv2pgr5-8000.preview.app.github.dev/
INFO     -  [16:58:22] Detected file changes
INFO     -  Building documentation...
[33mWARNING  -  [0mDocumentation file 'gameboard/admin-feedback-form.md' contains a link to 'gameboard/gb-roles.md' which is not found in the documentation files.
[33mWARNING  -  [0mDocumentation file 'gameboard/admin-settings.md' contains a link to 'gameboard/gb-admin-feedback-form.md' which is not found in the documentation files.
[33mWARNING  -  [0mDocumentation file 'gameboard/admin-settings.md' contains a link to 'gameboard/gb-admin.md' which is not found in the documentation files.
[33mWARNING  -  [0mDocumentation file 'gameboard/admin-settings.md' contains a link to 'gameboard/img/gb-map-edit.png' which is not found in the documentation files.
[33mWARNING  -  [0mDocumentation file 'gameboard/admin-settings.md' contains a link to 'gameboard/gb-tm-linking-topo-vm-to-gameboard.md' which is not found in the documentation files.
[33mWARNING  -  [0mDocumentation file 'gameboard/admin-settings.md' contains a link to 'gameboard/gb-admin.md' which is not found in the documentation files.
INFO     -  [16:58:22] Reloading browsers
INFO     -  [16:58:23] Browser connected: https://sei-rreeder-urban-winner-x4qjr6gxvv2pgr5-8000.preview.app.github.dev/
INFO     -  [16:59:19] Detected file changes
INFO     -  Building documentation...
[33mWARNING  -  [0mDocumentation file 'gameboard/admin-feedback-form.md' contains a link to 'gameboard/gb-roles.md' which is not found in the documentation files.
[33mWARNING  -  [0mDocumentation file 'gameboard/admin-settings.md' contains a link to 'gameboard/gb-admin-feedback-form.md' which is not found in the documentation files.
[33mWARNING  -  [0mDocumentation file 'gameboard/admin-settings.md' contains a link to 'gameboard/gb-admin.md' which is not found in the documentation files.
[33mWARNING  -  [0mDocumentation file 'gameboard/admin-settings.md' contains a link to 'gameboard/img/gb-map-edit.png' which is not found in the documentation files.
[33mWARNING  -  [0mDocumentation file 'gameboard/admin-settings.md' contains a link to 'gameboard/gb-tm-linking-topo-vm-to-gameboard.md' which is not found in the documentation files.
[33mWARNING  -  [0mDocumentation file 'gameboard/admin-settings.md' contains a link to 'gameboard/gb-admin.md' which is not found in the documentation files.
INFO     -  [16:59:19] Reloading browsers
INFO     -  [16:59:20] Browser connected: https://sei-rreeder-urban-winner-x4qjr6gxvv2pgr5-8000.preview.app.github.dev/
INFO     -  [17:00:29] Detected file changes
INFO     -  Building documentation...
[33mWARNING  -  [0mDocumentation file 'gameboard/admin-feedback-form.md' contains a link to 'gameboard/gb-roles.md' which is not found in the documentation files.
[33mWARNING  -  [0mDocumentation file 'gameboard/admin-settings.md' contains a link to 'gameboard/gb-admin-feedback-form.md' which is not found in the documentation files.
[33mWARNING  -  [0mDocumentation file 'gameboard/admin-settings.md' contains a link to 'gameboard/gb-admin.md' which is not found in the documentation files.
[33mWARNING  -  [0mDocumentation file 'gameboard/admin-settings.md' contains a link to 'gameboard/img/gb-map-edit.png' which is not found in the documentation files.
[33mWARNING  -  [0mDocumentation file 'gameboard/admin-settings.md' contains a link to 'gameboard/gb-tm-linking-topo-vm-to-gameboard.md' which is not found in the documentation files.
[33mWARNING  -  [0mDocumentation file 'gameboard/admin-settings.md' contains a link to 'gameboard/gb-admin.md' which is not found in the documentation files.
INFO     -  [17:00:30] Reloading browsers
INFO     -  [17:00:30] Browser connected: https://sei-rreeder-urban-winner-x4qjr6gxvv2pgr5-8000.preview.app.github.dev/
